  Bullet.cpp
S:\uni\year 3\KF6017 - Software Architecture for Games\GitHub - Assessment\KF6017-GameShell\GameShell\GameShell\Explosion.h(6,1): error C2504: 'GameObject': base class undefined
S:\uni\year 3\KF6017 - Software Architecture for Games\GitHub - Assessment\KF6017-GameShell\GameShell\GameShell\Explosion.h(16,7): error C3668: 'Explosion::Initialise': method with override specifier 'override' did not override any base class methods
S:\uni\year 3\KF6017 - Software Architecture for Games\GitHub - Assessment\KF6017-GameShell\GameShell\GameShell\Explosion.h(17,7): error C3668: 'Explosion::Render': method with override specifier 'override' did not override any base class methods
S:\uni\year 3\KF6017 - Software Architecture for Games\GitHub - Assessment\KF6017-GameShell\GameShell\GameShell\Explosion.h(18,7): error C3668: 'Explosion::Update': method with override specifier 'override' did not override any base class methods
S:\uni\year 3\KF6017 - Software Architecture for Games\GitHub - Assessment\KF6017-GameShell\GameShell\GameShell\Explosion.h(19,12): error C3668: 'Explosion::GetShape': method with override specifier 'override' did not override any base class methods
S:\uni\year 3\KF6017 - Software Architecture for Games\GitHub - Assessment\KF6017-GameShell\GameShell\GameShell\Rock.h(7,1): error C2504: 'GameObject': base class undefined
S:\uni\year 3\KF6017 - Software Architecture for Games\GitHub - Assessment\KF6017-GameShell\GameShell\GameShell\Rock.h(19,24): error C2061: syntax error: identifier 'GameObject'
S:\uni\year 3\KF6017 - Software Architecture for Games\GitHub - Assessment\KF6017-GameShell\GameShell\GameShell\Rock.h(16,7): error C3668: 'Rock::Initialise': method with override specifier 'override' did not override any base class methods
S:\uni\year 3\KF6017 - Software Architecture for Games\GitHub - Assessment\KF6017-GameShell\GameShell\GameShell\Rock.h(17,7): error C3668: 'Rock::Update': method with override specifier 'override' did not override any base class methods
S:\uni\year 3\KF6017 - Software Architecture for Games\GitHub - Assessment\KF6017-GameShell\GameShell\GameShell\Rock.h(18,12): error C3668: 'Rock::GetShape': method with override specifier 'override' did not override any base class methods
S:\uni\year 3\KF6017 - Software Architecture for Games\GitHub - Assessment\KF6017-GameShell\GameShell\GameShell\Rock.h(19,7): error C3668: 'Rock::ProcessCollision': method with override specifier 'override' did not override any base class methods
S:\uni\year 3\KF6017 - Software Architecture for Games\GitHub - Assessment\KF6017-GameShell\GameShell\GameShell\Spaceship.h(9,1): error C2504: 'GameObject': base class undefined
S:\uni\year 3\KF6017 - Software Architecture for Games\GitHub - Assessment\KF6017-GameShell\GameShell\GameShell\Spaceship.h(24,24): error C2061: syntax error: identifier 'GameObject'
S:\uni\year 3\KF6017 - Software Architecture for Games\GitHub - Assessment\KF6017-GameShell\GameShell\GameShell\Spaceship.h(21,7): error C3668: 'Spaceship::Initialise': method with override specifier 'override' did not override any base class methods
S:\uni\year 3\KF6017 - Software Architecture for Games\GitHub - Assessment\KF6017-GameShell\GameShell\GameShell\Spaceship.h(22,7): error C3668: 'Spaceship::Update': method with override specifier 'override' did not override any base class methods
S:\uni\year 3\KF6017 - Software Architecture for Games\GitHub - Assessment\KF6017-GameShell\GameShell\GameShell\Spaceship.h(23,12): error C3668: 'Spaceship::GetShape': method with override specifier 'override' did not override any base class methods
S:\uni\year 3\KF6017 - Software Architecture for Games\GitHub - Assessment\KF6017-GameShell\GameShell\GameShell\Spaceship.h(24,7): error C3668: 'Spaceship::ProcessCollision': method with override specifier 'override' did not override any base class methods
S:\uni\year 3\KF6017 - Software Architecture for Games\GitHub - Assessment\KF6017-GameShell\GameShell\GameShell\ObjectManager.h(11,13): error C2065: 'GameObject': undeclared identifier
S:\uni\year 3\KF6017 - Software Architecture for Games\GitHub - Assessment\KF6017-GameShell\GameShell\GameShell\ObjectManager.h(11,24): error C2059: syntax error: '>'
S:\uni\year 3\KF6017 - Software Architecture for Games\GitHub - Assessment\KF6017-GameShell\GameShell\GameShell\ObjectManager.h(17,17): error C2061: syntax error: identifier 'GameObject'
S:\uni\year 3\KF6017 - Software Architecture for Games\GitHub - Assessment\KF6017-GameShell\GameShell\GameShell\ObjectManager.h(18,12): error C2143: syntax error: missing ';' before '*'
S:\uni\year 3\KF6017 - Software Architecture for Games\GitHub - Assessment\KF6017-GameShell\GameShell\GameShell\ObjectManager.h(18,12): error C4430: missing type specifier - int assumed. Note: C++ does not support default-int
S:\uni\year 3\KF6017 - Software Architecture for Games\GitHub - Assessment\KF6017-GameShell\GameShell\GameShell\ObjectManager.h(18,39): error C2238: unexpected token(s) preceding ';'
  Explosion.cpp
S:\uni\year 3\KF6017 - Software Architecture for Games\GitHub - Assessment\KF6017-GameShell\GameShell\GameShell\Bullet.h(6,1): error C2504: 'GameObject': base class undefined
S:\uni\year 3\KF6017 - Software Architecture for Games\GitHub - Assessment\KF6017-GameShell\GameShell\GameShell\Bullet.h(18,24): error C2061: syntax error: identifier 'GameObject'
S:\uni\year 3\KF6017 - Software Architecture for Games\GitHub - Assessment\KF6017-GameShell\GameShell\GameShell\Bullet.h(15,7): error C3668: 'Bullet::Initialise': method with override specifier 'override' did not override any base class methods
S:\uni\year 3\KF6017 - Software Architecture for Games\GitHub - Assessment\KF6017-GameShell\GameShell\GameShell\Bullet.h(16,7): error C3668: 'Bullet::Update': method with override specifier 'override' did not override any base class methods
S:\uni\year 3\KF6017 - Software Architecture for Games\GitHub - Assessment\KF6017-GameShell\GameShell\GameShell\Bullet.h(17,12): error C3668: 'Bullet::GetShape': method with override specifier 'override' did not override any base class methods
S:\uni\year 3\KF6017 - Software Architecture for Games\GitHub - Assessment\KF6017-GameShell\GameShell\GameShell\Bullet.h(18,7): error C3668: 'Bullet::ProcessCollision': method with override specifier 'override' did not override any base class methods
S:\uni\year 3\KF6017 - Software Architecture for Games\GitHub - Assessment\KF6017-GameShell\GameShell\GameShell\Rock.h(7,1): error C2504: 'GameObject': base class undefined
S:\uni\year 3\KF6017 - Software Architecture for Games\GitHub - Assessment\KF6017-GameShell\GameShell\GameShell\Rock.h(19,24): error C2061: syntax error: identifier 'GameObject'
S:\uni\year 3\KF6017 - Software Architecture for Games\GitHub - Assessment\KF6017-GameShell\GameShell\GameShell\Rock.h(16,7): error C3668: 'Rock::Initialise': method with override specifier 'override' did not override any base class methods
S:\uni\year 3\KF6017 - Software Architecture for Games\GitHub - Assessment\KF6017-GameShell\GameShell\GameShell\Rock.h(17,7): error C3668: 'Rock::Update': method with override specifier 'override' did not override any base class methods
S:\uni\year 3\KF6017 - Software Architecture for Games\GitHub - Assessment\KF6017-GameShell\GameShell\GameShell\Rock.h(18,12): error C3668: 'Rock::GetShape': method with override specifier 'override' did not override any base class methods
S:\uni\year 3\KF6017 - Software Architecture for Games\GitHub - Assessment\KF6017-GameShell\GameShell\GameShell\Rock.h(19,7): error C3668: 'Rock::ProcessCollision': method with override specifier 'override' did not override any base class methods
S:\uni\year 3\KF6017 - Software Architecture for Games\GitHub - Assessment\KF6017-GameShell\GameShell\GameShell\Spaceship.h(9,1): error C2504: 'GameObject': base class undefined
S:\uni\year 3\KF6017 - Software Architecture for Games\GitHub - Assessment\KF6017-GameShell\GameShell\GameShell\Spaceship.h(24,24): error C2061: syntax error: identifier 'GameObject'
S:\uni\year 3\KF6017 - Software Architecture for Games\GitHub - Assessment\KF6017-GameShell\GameShell\GameShell\Spaceship.h(21,7): error C3668: 'Spaceship::Initialise': method with override specifier 'override' did not override any base class methods
S:\uni\year 3\KF6017 - Software Architecture for Games\GitHub - Assessment\KF6017-GameShell\GameShell\GameShell\Spaceship.h(22,7): error C3668: 'Spaceship::Update': method with override specifier 'override' did not override any base class methods
S:\uni\year 3\KF6017 - Software Architecture for Games\GitHub - Assessment\KF6017-GameShell\GameShell\GameShell\Spaceship.h(23,12): error C3668: 'Spaceship::GetShape': method with override specifier 'override' did not override any base class methods
S:\uni\year 3\KF6017 - Software Architecture for Games\GitHub - Assessment\KF6017-GameShell\GameShell\GameShell\Spaceship.h(24,7): error C3668: 'Spaceship::ProcessCollision': method with override specifier 'override' did not override any base class methods
S:\uni\year 3\KF6017 - Software Architecture for Games\GitHub - Assessment\KF6017-GameShell\GameShell\GameShell\ObjectManager.h(11,13): error C2065: 'GameObject': undeclared identifier
S:\uni\year 3\KF6017 - Software Architecture for Games\GitHub - Assessment\KF6017-GameShell\GameShell\GameShell\ObjectManager.h(11,24): error C2059: syntax error: '>'
S:\uni\year 3\KF6017 - Software Architecture for Games\GitHub - Assessment\KF6017-GameShell\GameShell\GameShell\ObjectManager.h(17,17): error C2061: syntax error: identifier 'GameObject'
S:\uni\year 3\KF6017 - Software Architecture for Games\GitHub - Assessment\KF6017-GameShell\GameShell\GameShell\ObjectManager.h(18,12): error C2143: syntax error: missing ';' before '*'
S:\uni\year 3\KF6017 - Software Architecture for Games\GitHub - Assessment\KF6017-GameShell\GameShell\GameShell\ObjectManager.h(18,12): error C4430: missing type specifier - int assumed. Note: C++ does not support default-int
S:\uni\year 3\KF6017 - Software Architecture for Games\GitHub - Assessment\KF6017-GameShell\GameShell\GameShell\ObjectManager.h(18,39): error C2238: unexpected token(s) preceding ';'
  gamecode.cpp
S:\uni\year 3\KF6017 - Software Architecture for Games\GitHub - Assessment\KF6017-GameShell\GameShell\GameShell\GameObject.h(24,16): error C3646: 'TheObjectManager': unknown override specifier
S:\uni\year 3\KF6017 - Software Architecture for Games\GitHub - Assessment\KF6017-GameShell\GameShell\GameShell\GameObject.h(24,32): error C4430: missing type specifier - int assumed. Note: C++ does not support default-int
S:\uni\year 3\KF6017 - Software Architecture for Games\GitHub - Assessment\KF6017-GameShell\GameShell\GameShell\gamecode.cpp(338,31): warning C4244: 'argument': conversion from 'double' to 'float', possible loss of data
  GameObject.cpp
S:\uni\year 3\KF6017 - Software Architecture for Games\GitHub - Assessment\KF6017-GameShell\GameShell\GameShell\Bullet.h(6,1): error C2504: 'GameObject': base class undefined
S:\uni\year 3\KF6017 - Software Architecture for Games\GitHub - Assessment\KF6017-GameShell\GameShell\GameShell\Bullet.h(18,24): error C2061: syntax error: identifier 'GameObject'
S:\uni\year 3\KF6017 - Software Architecture for Games\GitHub - Assessment\KF6017-GameShell\GameShell\GameShell\Bullet.h(15,7): error C3668: 'Bullet::Initialise': method with override specifier 'override' did not override any base class methods
S:\uni\year 3\KF6017 - Software Architecture for Games\GitHub - Assessment\KF6017-GameShell\GameShell\GameShell\Bullet.h(16,7): error C3668: 'Bullet::Update': method with override specifier 'override' did not override any base class methods
S:\uni\year 3\KF6017 - Software Architecture for Games\GitHub - Assessment\KF6017-GameShell\GameShell\GameShell\Bullet.h(17,12): error C3668: 'Bullet::GetShape': method with override specifier 'override' did not override any base class methods
S:\uni\year 3\KF6017 - Software Architecture for Games\GitHub - Assessment\KF6017-GameShell\GameShell\GameShell\Bullet.h(18,7): error C3668: 'Bullet::ProcessCollision': method with override specifier 'override' did not override any base class methods
S:\uni\year 3\KF6017 - Software Architecture for Games\GitHub - Assessment\KF6017-GameShell\GameShell\GameShell\Explosion.h(6,1): error C2504: 'GameObject': base class undefined
S:\uni\year 3\KF6017 - Software Architecture for Games\GitHub - Assessment\KF6017-GameShell\GameShell\GameShell\Explosion.h(16,7): error C3668: 'Explosion::Initialise': method with override specifier 'override' did not override any base class methods
S:\uni\year 3\KF6017 - Software Architecture for Games\GitHub - Assessment\KF6017-GameShell\GameShell\GameShell\Explosion.h(17,7): error C3668: 'Explosion::Render': method with override specifier 'override' did not override any base class methods
S:\uni\year 3\KF6017 - Software Architecture for Games\GitHub - Assessment\KF6017-GameShell\GameShell\GameShell\Explosion.h(18,7): error C3668: 'Explosion::Update': method with override specifier 'override' did not override any base class methods
S:\uni\year 3\KF6017 - Software Architecture for Games\GitHub - Assessment\KF6017-GameShell\GameShell\GameShell\Explosion.h(19,12): error C3668: 'Explosion::GetShape': method with override specifier 'override' did not override any base class methods
S:\uni\year 3\KF6017 - Software Architecture for Games\GitHub - Assessment\KF6017-GameShell\GameShell\GameShell\Rock.h(7,1): error C2504: 'GameObject': base class undefined
S:\uni\year 3\KF6017 - Software Architecture for Games\GitHub - Assessment\KF6017-GameShell\GameShell\GameShell\Rock.h(19,24): error C2061: syntax error: identifier 'GameObject'
S:\uni\year 3\KF6017 - Software Architecture for Games\GitHub - Assessment\KF6017-GameShell\GameShell\GameShell\Rock.h(16,7): error C3668: 'Rock::Initialise': method with override specifier 'override' did not override any base class methods
S:\uni\year 3\KF6017 - Software Architecture for Games\GitHub - Assessment\KF6017-GameShell\GameShell\GameShell\Rock.h(17,7): error C3668: 'Rock::Update': method with override specifier 'override' did not override any base class methods
S:\uni\year 3\KF6017 - Software Architecture for Games\GitHub - Assessment\KF6017-GameShell\GameShell\GameShell\Rock.h(18,12): error C3668: 'Rock::GetShape': method with override specifier 'override' did not override any base class methods
S:\uni\year 3\KF6017 - Software Architecture for Games\GitHub - Assessment\KF6017-GameShell\GameShell\GameShell\Rock.h(19,7): error C3668: 'Rock::ProcessCollision': method with override specifier 'override' did not override any base class methods
S:\uni\year 3\KF6017 - Software Architecture for Games\GitHub - Assessment\KF6017-GameShell\GameShell\GameShell\Spaceship.h(9,1): error C2504: 'GameObject': base class undefined
S:\uni\year 3\KF6017 - Software Architecture for Games\GitHub - Assessment\KF6017-GameShell\GameShell\GameShell\Spaceship.h(24,24): error C2061: syntax error: identifier 'GameObject'
S:\uni\year 3\KF6017 - Software Architecture for Games\GitHub - Assessment\KF6017-GameShell\GameShell\GameShell\Spaceship.h(21,7): error C3668: 'Spaceship::Initialise': method with override specifier 'override' did not override any base class methods
S:\uni\year 3\KF6017 - Software Architecture for Games\GitHub - Assessment\KF6017-GameShell\GameShell\GameShell\Spaceship.h(22,7): error C3668: 'Spaceship::Update': method with override specifier 'override' did not override any base class methods
S:\uni\year 3\KF6017 - Software Architecture for Games\GitHub - Assessment\KF6017-GameShell\GameShell\GameShell\Spaceship.h(23,12): error C3668: 'Spaceship::GetShape': method with override specifier 'override' did not override any base class methods
S:\uni\year 3\KF6017 - Software Architecture for Games\GitHub - Assessment\KF6017-GameShell\GameShell\GameShell\Spaceship.h(24,7): error C3668: 'Spaceship::ProcessCollision': method with override specifier 'override' did not override any base class methods
S:\uni\year 3\KF6017 - Software Architecture for Games\GitHub - Assessment\KF6017-GameShell\GameShell\GameShell\ObjectManager.h(11,13): error C2065: 'GameObject': undeclared identifier
S:\uni\year 3\KF6017 - Software Architecture for Games\GitHub - Assessment\KF6017-GameShell\GameShell\GameShell\ObjectManager.h(11,24): error C2059: syntax error: '>'
S:\uni\year 3\KF6017 - Software Architecture for Games\GitHub - Assessment\KF6017-GameShell\GameShell\GameShell\ObjectManager.h(17,17): error C2061: syntax error: identifier 'GameObject'
S:\uni\year 3\KF6017 - Software Architecture for Games\GitHub - Assessment\KF6017-GameShell\GameShell\GameShell\ObjectManager.h(18,12): error C2143: syntax error: missing ';' before '*'
S:\uni\year 3\KF6017 - Software Architecture for Games\GitHub - Assessment\KF6017-GameShell\GameShell\GameShell\ObjectManager.h(18,12): error C4430: missing type specifier - int assumed. Note: C++ does not support default-int
S:\uni\year 3\KF6017 - Software Architecture for Games\GitHub - Assessment\KF6017-GameShell\GameShell\GameShell\ObjectManager.h(18,39): error C2238: unexpected token(s) preceding ';'
  ObjectManager.cpp
S:\uni\year 3\KF6017 - Software Architecture for Games\GitHub - Assessment\KF6017-GameShell\GameShell\GameShell\GameObject.h(24,16): error C3646: 'TheObjectManager': unknown override specifier
S:\uni\year 3\KF6017 - Software Architecture for Games\GitHub - Assessment\KF6017-GameShell\GameShell\GameShell\GameObject.h(24,32): error C4430: missing type specifier - int assumed. Note: C++ does not support default-int
  Rock.cpp
S:\uni\year 3\KF6017 - Software Architecture for Games\GitHub - Assessment\KF6017-GameShell\GameShell\GameShell\Bullet.h(6,1): error C2504: 'GameObject': base class undefined
S:\uni\year 3\KF6017 - Software Architecture for Games\GitHub - Assessment\KF6017-GameShell\GameShell\GameShell\Bullet.h(18,24): error C2061: syntax error: identifier 'GameObject'
S:\uni\year 3\KF6017 - Software Architecture for Games\GitHub - Assessment\KF6017-GameShell\GameShell\GameShell\Bullet.h(15,7): error C3668: 'Bullet::Initialise': method with override specifier 'override' did not override any base class methods
S:\uni\year 3\KF6017 - Software Architecture for Games\GitHub - Assessment\KF6017-GameShell\GameShell\GameShell\Bullet.h(16,7): error C3668: 'Bullet::Update': method with override specifier 'override' did not override any base class methods
S:\uni\year 3\KF6017 - Software Architecture for Games\GitHub - Assessment\KF6017-GameShell\GameShell\GameShell\Bullet.h(17,12): error C3668: 'Bullet::GetShape': method with override specifier 'override' did not override any base class methods
S:\uni\year 3\KF6017 - Software Architecture for Games\GitHub - Assessment\KF6017-GameShell\GameShell\GameShell\Bullet.h(18,7): error C3668: 'Bullet::ProcessCollision': method with override specifier 'override' did not override any base class methods
S:\uni\year 3\KF6017 - Software Architecture for Games\GitHub - Assessment\KF6017-GameShell\GameShell\GameShell\Explosion.h(6,1): error C2504: 'GameObject': base class undefined
S:\uni\year 3\KF6017 - Software Architecture for Games\GitHub - Assessment\KF6017-GameShell\GameShell\GameShell\Explosion.h(16,7): error C3668: 'Explosion::Initialise': method with override specifier 'override' did not override any base class methods
S:\uni\year 3\KF6017 - Software Architecture for Games\GitHub - Assessment\KF6017-GameShell\GameShell\GameShell\Explosion.h(17,7): error C3668: 'Explosion::Render': method with override specifier 'override' did not override any base class methods
S:\uni\year 3\KF6017 - Software Architecture for Games\GitHub - Assessment\KF6017-GameShell\GameShell\GameShell\Explosion.h(18,7): error C3668: 'Explosion::Update': method with override specifier 'override' did not override any base class methods
S:\uni\year 3\KF6017 - Software Architecture for Games\GitHub - Assessment\KF6017-GameShell\GameShell\GameShell\Explosion.h(19,12): error C3668: 'Explosion::GetShape': method with override specifier 'override' did not override any base class methods
S:\uni\year 3\KF6017 - Software Architecture for Games\GitHub - Assessment\KF6017-GameShell\GameShell\GameShell\Spaceship.h(9,1): error C2504: 'GameObject': base class undefined
S:\uni\year 3\KF6017 - Software Architecture for Games\GitHub - Assessment\KF6017-GameShell\GameShell\GameShell\Spaceship.h(24,24): error C2061: syntax error: identifier 'GameObject'
S:\uni\year 3\KF6017 - Software Architecture for Games\GitHub - Assessment\KF6017-GameShell\GameShell\GameShell\Spaceship.h(21,7): error C3668: 'Spaceship::Initialise': method with override specifier 'override' did not override any base class methods
S:\uni\year 3\KF6017 - Software Architecture for Games\GitHub - Assessment\KF6017-GameShell\GameShell\GameShell\Spaceship.h(22,7): error C3668: 'Spaceship::Update': method with override specifier 'override' did not override any base class methods
S:\uni\year 3\KF6017 - Software Architecture for Games\GitHub - Assessment\KF6017-GameShell\GameShell\GameShell\Spaceship.h(23,12): error C3668: 'Spaceship::GetShape': method with override specifier 'override' did not override any base class methods
S:\uni\year 3\KF6017 - Software Architecture for Games\GitHub - Assessment\KF6017-GameShell\GameShell\GameShell\Spaceship.h(24,7): error C3668: 'Spaceship::ProcessCollision': method with override specifier 'override' did not override any base class methods
S:\uni\year 3\KF6017 - Software Architecture for Games\GitHub - Assessment\KF6017-GameShell\GameShell\GameShell\ObjectManager.h(11,13): error C2065: 'GameObject': undeclared identifier
S:\uni\year 3\KF6017 - Software Architecture for Games\GitHub - Assessment\KF6017-GameShell\GameShell\GameShell\ObjectManager.h(11,24): error C2059: syntax error: '>'
S:\uni\year 3\KF6017 - Software Architecture for Games\GitHub - Assessment\KF6017-GameShell\GameShell\GameShell\ObjectManager.h(17,17): error C2061: syntax error: identifier 'GameObject'
S:\uni\year 3\KF6017 - Software Architecture for Games\GitHub - Assessment\KF6017-GameShell\GameShell\GameShell\ObjectManager.h(18,12): error C2143: syntax error: missing ';' before '*'
S:\uni\year 3\KF6017 - Software Architecture for Games\GitHub - Assessment\KF6017-GameShell\GameShell\GameShell\ObjectManager.h(18,12): error C4430: missing type specifier - int assumed. Note: C++ does not support default-int
S:\uni\year 3\KF6017 - Software Architecture for Games\GitHub - Assessment\KF6017-GameShell\GameShell\GameShell\ObjectManager.h(18,39): error C2238: unexpected token(s) preceding ';'
S:\uni\year 3\KF6017 - Software Architecture for Games\GitHub - Assessment\KF6017-GameShell\GameShell\GameShell\Rock.cpp(70,4): error C2065: 'pTheObjectManager': undeclared identifier
S:\uni\year 3\KF6017 - Software Architecture for Games\GitHub - Assessment\KF6017-GameShell\GameShell\GameShell\Rock.cpp(79,72): warning C4244: 'argument': conversion from 'int' to 'float', possible loss of data
S:\uni\year 3\KF6017 - Software Architecture for Games\GitHub - Assessment\KF6017-GameShell\GameShell\GameShell\Rock.cpp(79,53): warning C4244: 'argument': conversion from 'int' to 'float', possible loss of data
S:\uni\year 3\KF6017 - Software Architecture for Games\GitHub - Assessment\KF6017-GameShell\GameShell\GameShell\Rock.cpp(80,54): warning C4244: 'argument': conversion from 'int' to 'float', possible loss of data
S:\uni\year 3\KF6017 - Software Architecture for Games\GitHub - Assessment\KF6017-GameShell\GameShell\GameShell\Rock.cpp(80,31): warning C4244: 'argument': conversion from 'int' to 'float', possible loss of data
S:\uni\year 3\KF6017 - Software Architecture for Games\GitHub - Assessment\KF6017-GameShell\GameShell\GameShell\Rock.cpp(86,9): error C2065: 'pTheObjectManager': undeclared identifier
S:\uni\year 3\KF6017 - Software Architecture for Games\GitHub - Assessment\KF6017-GameShell\GameShell\GameShell\Rock.cpp(88,6): error C2065: 'pTheObjectManager': undeclared identifier
S:\uni\year 3\KF6017 - Software Architecture for Games\GitHub - Assessment\KF6017-GameShell\GameShell\GameShell\Rock.cpp(99,4): error C2065: 'pTheObjectManager': undeclared identifier
  Spaceship.cpp
S:\uni\year 3\KF6017 - Software Architecture for Games\GitHub - Assessment\KF6017-GameShell\GameShell\GameShell\Bullet.h(6,1): error C2504: 'GameObject': base class undefined
S:\uni\year 3\KF6017 - Software Architecture for Games\GitHub - Assessment\KF6017-GameShell\GameShell\GameShell\Bullet.h(18,24): error C2061: syntax error: identifier 'GameObject'
S:\uni\year 3\KF6017 - Software Architecture for Games\GitHub - Assessment\KF6017-GameShell\GameShell\GameShell\Bullet.h(15,7): error C3668: 'Bullet::Initialise': method with override specifier 'override' did not override any base class methods
S:\uni\year 3\KF6017 - Software Architecture for Games\GitHub - Assessment\KF6017-GameShell\GameShell\GameShell\Bullet.h(16,7): error C3668: 'Bullet::Update': method with override specifier 'override' did not override any base class methods
S:\uni\year 3\KF6017 - Software Architecture for Games\GitHub - Assessment\KF6017-GameShell\GameShell\GameShell\Bullet.h(17,12): error C3668: 'Bullet::GetShape': method with override specifier 'override' did not override any base class methods
S:\uni\year 3\KF6017 - Software Architecture for Games\GitHub - Assessment\KF6017-GameShell\GameShell\GameShell\Bullet.h(18,7): error C3668: 'Bullet::ProcessCollision': method with override specifier 'override' did not override any base class methods
S:\uni\year 3\KF6017 - Software Architecture for Games\GitHub - Assessment\KF6017-GameShell\GameShell\GameShell\Explosion.h(6,1): error C2504: 'GameObject': base class undefined
S:\uni\year 3\KF6017 - Software Architecture for Games\GitHub - Assessment\KF6017-GameShell\GameShell\GameShell\Explosion.h(16,7): error C3668: 'Explosion::Initialise': method with override specifier 'override' did not override any base class methods
S:\uni\year 3\KF6017 - Software Architecture for Games\GitHub - Assessment\KF6017-GameShell\GameShell\GameShell\Explosion.h(17,7): error C3668: 'Explosion::Render': method with override specifier 'override' did not override any base class methods
S:\uni\year 3\KF6017 - Software Architecture for Games\GitHub - Assessment\KF6017-GameShell\GameShell\GameShell\Explosion.h(18,7): error C3668: 'Explosion::Update': method with override specifier 'override' did not override any base class methods
S:\uni\year 3\KF6017 - Software Architecture for Games\GitHub - Assessment\KF6017-GameShell\GameShell\GameShell\Explosion.h(19,12): error C3668: 'Explosion::GetShape': method with override specifier 'override' did not override any base class methods
S:\uni\year 3\KF6017 - Software Architecture for Games\GitHub - Assessment\KF6017-GameShell\GameShell\GameShell\Rock.h(7,1): error C2504: 'GameObject': base class undefined
S:\uni\year 3\KF6017 - Software Architecture for Games\GitHub - Assessment\KF6017-GameShell\GameShell\GameShell\Rock.h(19,24): error C2061: syntax error: identifier 'GameObject'
S:\uni\year 3\KF6017 - Software Architecture for Games\GitHub - Assessment\KF6017-GameShell\GameShell\GameShell\Rock.h(16,7): error C3668: 'Rock::Initialise': method with override specifier 'override' did not override any base class methods
S:\uni\year 3\KF6017 - Software Architecture for Games\GitHub - Assessment\KF6017-GameShell\GameShell\GameShell\Rock.h(17,7): error C3668: 'Rock::Update': method with override specifier 'override' did not override any base class methods
S:\uni\year 3\KF6017 - Software Architecture for Games\GitHub - Assessment\KF6017-GameShell\GameShell\GameShell\Rock.h(18,12): error C3668: 'Rock::GetShape': method with override specifier 'override' did not override any base class methods
S:\uni\year 3\KF6017 - Software Architecture for Games\GitHub - Assessment\KF6017-GameShell\GameShell\GameShell\Rock.h(19,7): error C3668: 'Rock::ProcessCollision': method with override specifier 'override' did not override any base class methods
S:\uni\year 3\KF6017 - Software Architecture for Games\GitHub - Assessment\KF6017-GameShell\GameShell\GameShell\ObjectManager.h(11,13): error C2065: 'GameObject': undeclared identifier
S:\uni\year 3\KF6017 - Software Architecture for Games\GitHub - Assessment\KF6017-GameShell\GameShell\GameShell\ObjectManager.h(11,24): error C2059: syntax error: '>'
S:\uni\year 3\KF6017 - Software Architecture for Games\GitHub - Assessment\KF6017-GameShell\GameShell\GameShell\ObjectManager.h(17,17): error C2061: syntax error: identifier 'GameObject'
S:\uni\year 3\KF6017 - Software Architecture for Games\GitHub - Assessment\KF6017-GameShell\GameShell\GameShell\ObjectManager.h(18,12): error C2143: syntax error: missing ';' before '*'
S:\uni\year 3\KF6017 - Software Architecture for Games\GitHub - Assessment\KF6017-GameShell\GameShell\GameShell\ObjectManager.h(18,12): error C4430: missing type specifier - int assumed. Note: C++ does not support default-int
S:\uni\year 3\KF6017 - Software Architecture for Games\GitHub - Assessment\KF6017-GameShell\GameShell\GameShell\ObjectManager.h(18,39): error C2238: unexpected token(s) preceding ';'
S:\uni\year 3\KF6017 - Software Architecture for Games\GitHub - Assessment\KF6017-GameShell\GameShell\GameShell\Spaceship.cpp(78,45): error C2039: 'Create': is not a member of 'ObjectManager'
S:\uni\year 3\KF6017 - Software Architecture for Games\GitHub - Assessment\KF6017-GameShell\GameShell\GameShell\ObjectManager.h(8): message : see declaration of 'ObjectManager'
  wincode.cpp
S:\uni\year 3\KF6017 - Software Architecture for Games\GitHub - Assessment\KF6017-GameShell\GameShell\GameShell\GameObject.h(24,16): error C3646: 'TheObjectManager': unknown override specifier
S:\uni\year 3\KF6017 - Software Architecture for Games\GitHub - Assessment\KF6017-GameShell\GameShell\GameShell\GameObject.h(24,32): error C4430: missing type specifier - int assumed. Note: C++ does not support default-int
  Generating Code...
